<?xml version="1.0" encoding="UTF-8"?>
<!-- Generated by org.testng.reporters.JUnitReportReporter -->
<testsuite skipped="0" hostname="Nehas-MacBook-Air.local" name="com.test.TestNgBasics" tests="2" failures="0" timestamp="03 Jul 2018 14:22:47 GMT" time="0.010" errors="0">
  <testcase name="testMain2" time="0.003" classname="com.test.TestNgBasics"/>
  <testcase name="testMain" time="0.007" classname="com.test.TestNgBasics"/>
</testsuite> <!-- com.test.TestNgBasics -->
