<?xml version="1.0" encoding="UTF-8"?>
<!-- Generated by org.testng.reporters.JUnitReportReporter -->
<testsuite skipped="0" hostname="Nehas-MacBook-Air.local" name="com.test.OfficeShriTest" tests="1" failures="0" timestamp="13 Jul 2018 15:00:22 GMT" time="19.865" errors="0">
  <testcase name="logInPage" time="19.865" classname="com.test.OfficeShriTest"/>
</testsuite> <!-- com.test.OfficeShriTest -->
