<?xml version="1.0" encoding="UTF-8"?>
<!-- Generated by org.testng.reporters.JUnitReportReporter -->
<testsuite skipped="0" hostname="Nehas-MacBook-Air.local" name="com.test.NewDemo" tests="1" failures="0" timestamp="11 Jul 2018 15:43:18 GMT" time="5.894" errors="0">
  <testcase name="f" time="5.894" classname="com.test.NewDemo"/>
</testsuite> <!-- com.test.NewDemo -->
