<?xml version="1.0" encoding="UTF-8"?>
<!-- Generated by org.testng.reporters.JUnitReportReporter -->
<testsuite skipped="0" hostname="Nehas-MacBook-Air.local" name="com.test.GoogleTest" tests="2" failures="0" timestamp="11 Jul 2018 14:52:06 GMT" time="13.118" errors="0">
  <testcase name="logoTest" time="8.028" classname="com.test.GoogleTest"/>
  <testcase name="GoogleTitle" time="5.090" classname="com.test.GoogleTest"/>
</testsuite> <!-- com.test.GoogleTest -->
