<?xml version="1.0" encoding="UTF-8"?>
<!-- Generated by org.testng.reporters.JUnitReportReporter -->
<testsuite skipped="0" hostname="Nehas-MacBook-Air.local" name="com.test.Welcome" tests="1" failures="0" timestamp="11 Jul 2018 15:11:52 GMT" time="0.018" errors="0">
  <testcase name="f3" time="0.018" classname="com.test.Welcome"/>
</testsuite> <!-- com.test.Welcome -->
